[INFO] 2025-07-09 03:32:30 UTC (2025-07-08 20:32:30 PT) - Starting nightly FINS trapping data download
[INFO] 2025-07-09 03:32:30 UTC (2025-07-08 20:32:30 PT) - API key found
[INFO] 2025-07-09 03:32:30 UTC (2025-07-08 20:32:30 PT) - Current PT time: 2025-07-08 20:32:30
[INFO] 2025-07-09 03:32:30 UTC (2025-07-08 20:32:30 PT) - Requesting ALL historical trapping data through 07/09/2025 for all of our FINS facilities
[INFO] 2025-07-09 03:33:14 UTC (2025-07-08 20:33:14 PT) - Downloaded 30891 rows of data
[INFO] 2025-07-09 03:33:14 UTC (2025-07-08 20:33:14 PT) - Columns: Finalize, Verify, Follow-Up, Trapped Date, Is Import, Facility, Trap, Trap Is Offsite, Trapping Session Name, Target Species, Target Run, Trapping Session Comments, Fish ID, Count, Species, Run, Sex, Origin, Origin Expression, Origin Description, Origin Start Date, Origin End Date, Origin Creator, Origin Creation Date, Living Status, Length, Age Designation, Age Calculated, Age Criteria Start Length, Age Criteria End Length, Age Criteria Start Date, Age Criteria End Date, Moved To Facility, Moved To, Moved To Location Type, Moved To Is Offsite, Offsite Owner Facility, Offsite Location Latitude, Offsite Location Longitude, Offsite Location Description, Disposition, Release Site, Release Site Latitude, Release Site Longitude, Purpose, Existing Marks, Existing Marks Quantity, Applied Marks, Applied Marks Quantity, Existing Tags, Applied Tags, Existing CWT, Existing CWT Value, Applied CWT, Applied CWT Value, Existing PIT, Applied PIT, Samples, Conditions, Recap, Injected, Weight, Notes, Group Notes, Import Custom
[INFO] 2025-07-09 03:33:14 UTC (2025-07-08 20:33:14 PT) - Successfully saved file: data/TrappingData.csv - Size: 17505281 bytes
[INFO] 2025-07-09 03:33:14 UTC (2025-07-08 20:33:14 PT) - Data summary:
[INFO] 2025-07-09 03:33:14 UTC (2025-07-08 20:33:14 PT) -   Date range: 03/13/2000 to 07/08/2025
[INFO] 2025-07-09 03:33:14 UTC (2025-07-08 20:33:14 PT) -   Total records: 30891
[INFO] 2025-07-09 03:33:14 UTC (2025-07-08 20:33:14 PT) - Download completed successfully
[INFO] 2025-07-10 03:06:34 UTC (2025-07-09 20:06:34 PT) - Starting nightly FINS trapping data download
[INFO] 2025-07-10 03:06:34 UTC (2025-07-09 20:06:34 PT) - API key found
[INFO] 2025-07-10 03:06:34 UTC (2025-07-09 20:06:34 PT) - Current PT time: 2025-07-09 20:06:34
[INFO] 2025-07-10 03:06:34 UTC (2025-07-09 20:06:34 PT) - Requesting ALL historical trapping data through 07/10/2025 for all of our FINS facilities
[INFO] 2025-07-10 03:07:21 UTC (2025-07-09 20:07:21 PT) - Downloaded 30984 rows of data
[INFO] 2025-07-10 03:07:21 UTC (2025-07-09 20:07:21 PT) - Columns: Finalize, Verify, Follow-Up, Trapped Date, Is Import, Facility, Trap, Trap Is Offsite, Trapping Session Name, Target Species, Target Run, Trapping Session Comments, Fish ID, Count, Species, Run, Sex, Origin, Origin Expression, Origin Description, Origin Start Date, Origin End Date, Origin Creator, Origin Creation Date, Living Status, Length, Age Designation, Age Calculated, Age Criteria Start Length, Age Criteria End Length, Age Criteria Start Date, Age Criteria End Date, Moved To Facility, Moved To, Moved To Location Type, Moved To Is Offsite, Offsite Owner Facility, Offsite Location Latitude, Offsite Location Longitude, Offsite Location Description, Disposition, Release Site, Release Site Latitude, Release Site Longitude, Purpose, Existing Marks, Existing Marks Quantity, Applied Marks, Applied Marks Quantity, Existing Tags, Applied Tags, Existing CWT, Existing CWT Value, Applied CWT, Applied CWT Value, Existing PIT, Applied PIT, Samples, Conditions, Recap, Injected, Weight, Notes, Group Notes, Import Custom
[INFO] 2025-07-10 03:07:22 UTC (2025-07-09 20:07:22 PT) - Successfully saved file: data/TrappingData.csv - Size: 17553862 bytes
[INFO] 2025-07-10 03:07:22 UTC (2025-07-09 20:07:22 PT) - Data summary:
[INFO] 2025-07-10 03:07:22 UTC (2025-07-09 20:07:22 PT) -   Date range: 03/13/2000 to 07/08/2025
[INFO] 2025-07-10 03:07:22 UTC (2025-07-09 20:07:22 PT) -   Total records: 30984
[INFO] 2025-07-10 03:07:22 UTC (2025-07-09 20:07:22 PT) - Download completed successfully
[INFO] 2025-07-11 03:12:26 UTC (2025-07-10 20:12:26 PT) - Starting nightly FINS trapping data download
[INFO] 2025-07-11 03:12:26 UTC (2025-07-10 20:12:26 PT) - API key found
[INFO] 2025-07-11 03:12:26 UTC (2025-07-10 20:12:26 PT) - Current PT time: 2025-07-10 20:12:26
[INFO] 2025-07-11 03:12:26 UTC (2025-07-10 20:12:26 PT) - Requesting ALL historical trapping data through 07/11/2025 for all of our FINS facilities
[INFO] 2025-07-11 03:13:12 UTC (2025-07-10 20:13:12 PT) - Downloaded 31069 rows of data
[INFO] 2025-07-11 03:13:12 UTC (2025-07-10 20:13:12 PT) - Columns: Finalize, Verify, Follow-Up, Trapped Date, Is Import, Facility, Trap, Trap Is Offsite, Trapping Session Name, Target Species, Target Run, Trapping Session Comments, Fish ID, Count, Species, Run, Sex, Origin, Origin Expression, Origin Description, Origin Start Date, Origin End Date, Origin Creator, Origin Creation Date, Living Status, Length, Age Designation, Age Calculated, Age Criteria Start Length, Age Criteria End Length, Age Criteria Start Date, Age Criteria End Date, Moved To Facility, Moved To, Moved To Location Type, Moved To Is Offsite, Offsite Owner Facility, Offsite Location Latitude, Offsite Location Longitude, Offsite Location Description, Disposition, Release Site, Release Site Latitude, Release Site Longitude, Purpose, Existing Marks, Existing Marks Quantity, Applied Marks, Applied Marks Quantity, Existing Tags, Applied Tags, Existing CWT, Existing CWT Value, Applied CWT, Applied CWT Value, Existing PIT, Applied PIT, Samples, Conditions, Recap, Injected, Weight, Notes, Group Notes, Import Custom
[INFO] 2025-07-11 03:13:12 UTC (2025-07-10 20:13:12 PT) - Successfully saved file: data/TrappingData.csv - Size: 17599261 bytes
[INFO] 2025-07-11 03:13:12 UTC (2025-07-10 20:13:12 PT) - Data summary:
[INFO] 2025-07-11 03:13:12 UTC (2025-07-10 20:13:12 PT) -   Date range: 03/13/2000 to 07/10/2025
[INFO] 2025-07-11 03:13:12 UTC (2025-07-10 20:13:12 PT) -   Total records: 31069
[INFO] 2025-07-11 03:13:12 UTC (2025-07-10 20:13:12 PT) - Download completed successfully
[INFO] 2025-07-12 03:10:32 UTC (2025-07-11 20:10:32 PT) - Starting nightly FINS trapping data download
[INFO] 2025-07-12 03:10:32 UTC (2025-07-11 20:10:32 PT) - API key found
[INFO] 2025-07-12 03:10:32 UTC (2025-07-11 20:10:32 PT) - Current PT time: 2025-07-11 20:10:32
[INFO] 2025-07-12 03:10:32 UTC (2025-07-11 20:10:32 PT) - Requesting ALL historical trapping data through 07/12/2025 for all of our FINS facilities
[INFO] 2025-07-12 03:11:14 UTC (2025-07-11 20:11:14 PT) - Downloaded 31069 rows of data
[INFO] 2025-07-12 03:11:14 UTC (2025-07-11 20:11:14 PT) - Columns: Finalize, Verify, Follow-Up, Trapped Date, Is Import, Facility, Trap, Trap Is Offsite, Trapping Session Name, Target Species, Target Run, Trapping Session Comments, Fish ID, Count, Species, Run, Sex, Origin, Origin Expression, Origin Description, Origin Start Date, Origin End Date, Origin Creator, Origin Creation Date, Living Status, Length, Age Designation, Age Calculated, Age Criteria Start Length, Age Criteria End Length, Age Criteria Start Date, Age Criteria End Date, Moved To Facility, Moved To, Moved To Location Type, Moved To Is Offsite, Offsite Owner Facility, Offsite Location Latitude, Offsite Location Longitude, Offsite Location Description, Disposition, Release Site, Release Site Latitude, Release Site Longitude, Purpose, Existing Marks, Existing Marks Quantity, Applied Marks, Applied Marks Quantity, Existing Tags, Applied Tags, Existing CWT, Existing CWT Value, Applied CWT, Applied CWT Value, Existing PIT, Applied PIT, Samples, Conditions, Recap, Injected, Weight, Notes, Group Notes, Import Custom
[INFO] 2025-07-12 03:11:14 UTC (2025-07-11 20:11:14 PT) - Successfully saved file: data/TrappingData.csv - Size: 17599261 bytes
[INFO] 2025-07-12 03:11:14 UTC (2025-07-11 20:11:14 PT) - Data summary:
[INFO] 2025-07-12 03:11:14 UTC (2025-07-11 20:11:14 PT) -   Date range: 03/13/2000 to 07/10/2025
[INFO] 2025-07-12 03:11:14 UTC (2025-07-11 20:11:14 PT) -   Total records: 31069
[INFO] 2025-07-12 03:11:14 UTC (2025-07-11 20:11:14 PT) - Download completed successfully
[INFO] 2025-07-13 03:18:10 UTC (2025-07-12 20:18:10 PT) - Starting nightly FINS trapping data download
[INFO] 2025-07-13 03:18:10 UTC (2025-07-12 20:18:10 PT) - API key found
[INFO] 2025-07-13 03:18:10 UTC (2025-07-12 20:18:10 PT) - Current PT time: 2025-07-12 20:18:10
[INFO] 2025-07-13 03:18:10 UTC (2025-07-12 20:18:10 PT) - Requesting ALL historical trapping data through 07/13/2025 for all of our FINS facilities
[INFO] 2025-07-13 03:18:49 UTC (2025-07-12 20:18:49 PT) - Downloaded 31069 rows of data
[INFO] 2025-07-13 03:18:49 UTC (2025-07-12 20:18:49 PT) - Columns: Finalize, Verify, Follow-Up, Trapped Date, Is Import, Facility, Trap, Trap Is Offsite, Trapping Session Name, Target Species, Target Run, Trapping Session Comments, Fish ID, Count, Species, Run, Sex, Origin, Origin Expression, Origin Description, Origin Start Date, Origin End Date, Origin Creator, Origin Creation Date, Living Status, Length, Age Designation, Age Calculated, Age Criteria Start Length, Age Criteria End Length, Age Criteria Start Date, Age Criteria End Date, Moved To Facility, Moved To, Moved To Location Type, Moved To Is Offsite, Offsite Owner Facility, Offsite Location Latitude, Offsite Location Longitude, Offsite Location Description, Disposition, Release Site, Release Site Latitude, Release Site Longitude, Purpose, Existing Marks, Existing Marks Quantity, Applied Marks, Applied Marks Quantity, Existing Tags, Applied Tags, Existing CWT, Existing CWT Value, Applied CWT, Applied CWT Value, Existing PIT, Applied PIT, Samples, Conditions, Recap, Injected, Weight, Notes, Group Notes, Import Custom
[INFO] 2025-07-13 03:18:49 UTC (2025-07-12 20:18:49 PT) - Successfully saved file: data/TrappingData.csv - Size: 17599261 bytes
[INFO] 2025-07-13 03:18:49 UTC (2025-07-12 20:18:49 PT) - Data summary:
[INFO] 2025-07-13 03:18:50 UTC (2025-07-12 20:18:50 PT) -   Date range: 03/13/2000 to 07/10/2025
[INFO] 2025-07-13 03:18:50 UTC (2025-07-12 20:18:50 PT) -   Total records: 31069
[INFO] 2025-07-13 03:18:50 UTC (2025-07-12 20:18:50 PT) - Download completed successfully
[INFO] 2025-07-14 03:17:49 UTC (2025-07-13 20:17:49 PT) - Starting nightly FINS trapping data download
[INFO] 2025-07-14 03:17:49 UTC (2025-07-13 20:17:49 PT) - API key found
[INFO] 2025-07-14 03:17:49 UTC (2025-07-13 20:17:49 PT) - Current PT time: 2025-07-13 20:17:49
[INFO] 2025-07-14 03:17:49 UTC (2025-07-13 20:17:49 PT) - Requesting ALL historical trapping data through 07/14/2025 for all of our FINS facilities
[INFO] 2025-07-14 03:18:31 UTC (2025-07-13 20:18:31 PT) - Downloaded 31192 rows of data
[INFO] 2025-07-14 03:18:31 UTC (2025-07-13 20:18:31 PT) - Columns: Finalize, Verify, Follow-Up, Trapped Date, Is Import, Facility, Trap, Trap Is Offsite, Trapping Session Name, Target Species, Target Run, Trapping Session Comments, Fish ID, Count, Species, Run, Sex, Origin, Origin Expression, Origin Description, Origin Start Date, Origin End Date, Origin Creator, Origin Creation Date, Living Status, Length, Age Designation, Age Calculated, Age Criteria Start Length, Age Criteria End Length, Age Criteria Start Date, Age Criteria End Date, Moved To Facility, Moved To, Moved To Location Type, Moved To Is Offsite, Offsite Owner Facility, Offsite Location Latitude, Offsite Location Longitude, Offsite Location Description, Disposition, Release Site, Release Site Latitude, Release Site Longitude, Purpose, Existing Marks, Existing Marks Quantity, Applied Marks, Applied Marks Quantity, Existing Tags, Applied Tags, Existing CWT, Existing CWT Value, Applied CWT, Applied CWT Value, Existing PIT, Applied PIT, Samples, Conditions, Recap, Injected, Weight, Notes, Group Notes, Import Custom
[INFO] 2025-07-14 03:18:31 UTC (2025-07-13 20:18:31 PT) - Successfully saved file: data/TrappingData.csv - Size: 17665618 bytes
[INFO] 2025-07-14 03:18:31 UTC (2025-07-13 20:18:31 PT) - Data summary:
[INFO] 2025-07-14 03:18:31 UTC (2025-07-13 20:18:31 PT) -   Date range: 03/13/2000 to 07/11/2025
[INFO] 2025-07-14 03:18:31 UTC (2025-07-13 20:18:31 PT) -   Total records: 31192
[INFO] 2025-07-14 03:18:31 UTC (2025-07-13 20:18:31 PT) - Download completed successfully
[INFO] 2025-07-15 03:14:56 UTC (2025-07-14 20:14:56 PT) - Starting nightly FINS trapping data download
[INFO] 2025-07-15 03:14:56 UTC (2025-07-14 20:14:56 PT) - API key found
[INFO] 2025-07-15 03:14:56 UTC (2025-07-14 20:14:56 PT) - Current PT time: 2025-07-14 20:14:56
[INFO] 2025-07-15 03:14:56 UTC (2025-07-14 20:14:56 PT) - Requesting ALL historical trapping data through 07/15/2025 for all of our FINS facilities
[INFO] 2025-07-15 03:15:40 UTC (2025-07-14 20:15:40 PT) - Downloaded 31192 rows of data
[INFO] 2025-07-15 03:15:40 UTC (2025-07-14 20:15:40 PT) - Columns: Finalize, Verify, Follow-Up, Trapped Date, Is Import, Facility, Trap, Trap Is Offsite, Trapping Session Name, Target Species, Target Run, Trapping Session Comments, Fish ID, Count, Species, Run, Sex, Origin, Origin Expression, Origin Description, Origin Start Date, Origin End Date, Origin Creator, Origin Creation Date, Living Status, Length, Age Designation, Age Calculated, Age Criteria Start Length, Age Criteria End Length, Age Criteria Start Date, Age Criteria End Date, Moved To Facility, Moved To, Moved To Location Type, Moved To Is Offsite, Offsite Owner Facility, Offsite Location Latitude, Offsite Location Longitude, Offsite Location Description, Disposition, Release Site, Release Site Latitude, Release Site Longitude, Purpose, Existing Marks, Existing Marks Quantity, Applied Marks, Applied Marks Quantity, Existing Tags, Applied Tags, Existing CWT, Existing CWT Value, Applied CWT, Applied CWT Value, Existing PIT, Applied PIT, Samples, Conditions, Recap, Injected, Weight, Notes, Group Notes, Import Custom
[INFO] 2025-07-15 03:15:40 UTC (2025-07-14 20:15:40 PT) - Successfully saved file: data/TrappingData.csv - Size: 17665618 bytes
[INFO] 2025-07-15 03:15:40 UTC (2025-07-14 20:15:40 PT) - Data summary:
[INFO] 2025-07-15 03:15:40 UTC (2025-07-14 20:15:40 PT) -   Date range: 03/13/2000 to 07/11/2025
[INFO] 2025-07-15 03:15:40 UTC (2025-07-14 20:15:40 PT) -   Total records: 31192
[INFO] 2025-07-15 03:15:40 UTC (2025-07-14 20:15:40 PT) - Download completed successfully
[INFO] 2025-07-16 03:12:55 UTC (2025-07-15 20:12:55 PT) - Starting nightly FINS trapping data download
[INFO] 2025-07-16 03:12:55 UTC (2025-07-15 20:12:55 PT) - API key found
[INFO] 2025-07-16 03:12:55 UTC (2025-07-15 20:12:55 PT) - Current PT time: 2025-07-15 20:12:55
[INFO] 2025-07-16 03:12:55 UTC (2025-07-15 20:12:55 PT) - Requesting ALL historical trapping data through 07/16/2025 for all of our FINS facilities
[INFO] 2025-07-16 03:13:37 UTC (2025-07-15 20:13:37 PT) - Downloaded 31404 rows of data
[INFO] 2025-07-16 03:13:37 UTC (2025-07-15 20:13:37 PT) - Columns: Finalize, Verify, Follow-Up, Trapped Date, Is Import, Facility, Trap, Trap Is Offsite, Trapping Session Name, Target Species, Target Run, Trapping Session Comments, Fish ID, Count, Species, Run, Sex, Origin, Origin Expression, Origin Description, Origin Start Date, Origin End Date, Origin Creator, Origin Creation Date, Living Status, Length, Age Designation, Age Calculated, Age Criteria Start Length, Age Criteria End Length, Age Criteria Start Date, Age Criteria End Date, Moved To Facility, Moved To, Moved To Location Type, Moved To Is Offsite, Offsite Owner Facility, Offsite Location Latitude, Offsite Location Longitude, Offsite Location Description, Disposition, Release Site, Release Site Latitude, Release Site Longitude, Purpose, Existing Marks, Existing Marks Quantity, Applied Marks, Applied Marks Quantity, Existing Tags, Applied Tags, Existing CWT, Existing CWT Value, Applied CWT, Applied CWT Value, Existing PIT, Applied PIT, Samples, Conditions, Recap, Injected, Weight, Notes, Group Notes, Import Custom
[INFO] 2025-07-16 03:13:37 UTC (2025-07-15 20:13:37 PT) - Successfully saved file: data/TrappingData.csv - Size: 18081097 bytes
[INFO] 2025-07-16 03:13:37 UTC (2025-07-15 20:13:37 PT) - Data summary:
[INFO] 2025-07-16 03:13:37 UTC (2025-07-15 20:13:37 PT) -   Date range: 03/13/2000 to 07/15/2025
[INFO] 2025-07-16 03:13:37 UTC (2025-07-15 20:13:37 PT) -   Total records: 31404
[INFO] 2025-07-16 03:13:37 UTC (2025-07-15 20:13:37 PT) - Download completed successfully
[INFO] 2025-07-17 03:11:45 UTC (2025-07-16 20:11:45 PT) - Starting nightly FINS trapping data download
[INFO] 2025-07-17 03:11:45 UTC (2025-07-16 20:11:45 PT) - API key found
[INFO] 2025-07-17 03:11:45 UTC (2025-07-16 20:11:45 PT) - Current PT time: 2025-07-16 20:11:45
[INFO] 2025-07-17 03:11:45 UTC (2025-07-16 20:11:45 PT) - Requesting ALL historical trapping data through 07/17/2025 for all of our FINS facilities
[INFO] 2025-07-17 03:12:27 UTC (2025-07-16 20:12:27 PT) - Downloaded 31499 rows of data
[INFO] 2025-07-17 03:12:27 UTC (2025-07-16 20:12:27 PT) - Columns: Finalize, Verify, Follow-Up, Trapped Date, Is Import, Facility, Trap, Trap Is Offsite, Trapping Session Name, Target Species, Target Run, Trapping Session Comments, Fish ID, Count, Species, Run, Sex, Origin, Origin Expression, Origin Description, Origin Start Date, Origin End Date, Origin Creator, Origin Creation Date, Living Status, Length, Age Designation, Age Calculated, Age Criteria Start Length, Age Criteria End Length, Age Criteria Start Date, Age Criteria End Date, Moved To Facility, Moved To, Moved To Location Type, Moved To Is Offsite, Offsite Owner Facility, Offsite Location Latitude, Offsite Location Longitude, Offsite Location Description, Disposition, Release Site, Release Site Latitude, Release Site Longitude, Purpose, Existing Marks, Existing Marks Quantity, Applied Marks, Applied Marks Quantity, Existing Tags, Applied Tags, Existing CWT, Existing CWT Value, Applied CWT, Applied CWT Value, Existing PIT, Applied PIT, Samples, Conditions, Recap, Injected, Weight, Notes, Group Notes, Import Custom
[INFO] 2025-07-17 03:12:27 UTC (2025-07-16 20:12:27 PT) - Successfully saved file: data/TrappingData.csv - Size: 18134947 bytes
[INFO] 2025-07-17 03:12:27 UTC (2025-07-16 20:12:27 PT) - Data summary:
[INFO] 2025-07-17 03:12:27 UTC (2025-07-16 20:12:27 PT) -   Date range: 03/13/2000 to 07/16/2025
[INFO] 2025-07-17 03:12:27 UTC (2025-07-16 20:12:27 PT) -   Total records: 31499
[INFO] 2025-07-17 03:12:27 UTC (2025-07-16 20:12:27 PT) - Download completed successfully
[INFO] 2025-07-18 03:15:22 UTC (2025-07-17 20:15:22 PT) - Starting nightly FINS trapping data download
[INFO] 2025-07-18 03:15:22 UTC (2025-07-17 20:15:22 PT) - API key found
[INFO] 2025-07-18 03:15:22 UTC (2025-07-17 20:15:22 PT) - Current PT time: 2025-07-17 20:15:22
[INFO] 2025-07-18 03:15:22 UTC (2025-07-17 20:15:22 PT) - Requesting ALL historical trapping data through 07/18/2025 for all of our FINS facilities
[INFO] 2025-07-18 03:16:24 UTC (2025-07-17 20:16:24 PT) - Downloaded 31502 rows of data
[INFO] 2025-07-18 03:16:24 UTC (2025-07-17 20:16:24 PT) - Columns: Finalize, Verify, Follow-Up, Trapped Date, Is Import, Facility, Trap, Trap Is Offsite, Trapping Session Name, Target Species, Target Run, Trapping Session Comments, Fish ID, Count, Species, Run, Sex, Origin, Origin Expression, Origin Description, Origin Start Date, Origin End Date, Origin Creator, Origin Creation Date, Living Status, Length, Age Designation, Age Calculated, Age Criteria Start Length, Age Criteria End Length, Age Criteria Start Date, Age Criteria End Date, Moved To Facility, Moved To, Moved To Location Type, Moved To Is Offsite, Offsite Owner Facility, Offsite Location Latitude, Offsite Location Longitude, Offsite Location Description, Disposition, Release Site, Release Site Latitude, Release Site Longitude, Purpose, Existing Marks, Existing Marks Quantity, Applied Marks, Applied Marks Quantity, Existing Tags, Applied Tags, Existing CWT, Existing CWT Value, Applied CWT, Applied CWT Value, Existing PIT, Applied PIT, Samples, Conditions, Recap, Injected, Weight, Notes, Group Notes, Import Custom
[INFO] 2025-07-18 03:16:24 UTC (2025-07-17 20:16:24 PT) - Successfully saved file: data/TrappingData.csv - Size: 18136589 bytes
[INFO] 2025-07-18 03:16:24 UTC (2025-07-17 20:16:24 PT) - Data summary:
[INFO] 2025-07-18 03:16:24 UTC (2025-07-17 20:16:24 PT) -   Date range: 03/13/2000 to 07/17/2025
[INFO] 2025-07-18 03:16:24 UTC (2025-07-17 20:16:24 PT) -   Total records: 31502
[INFO] 2025-07-18 03:16:24 UTC (2025-07-17 20:16:24 PT) - Download completed successfully
[INFO] 2025-07-19 03:07:08 UTC (2025-07-18 20:07:08 PT) - Starting nightly FINS trapping data download
[INFO] 2025-07-19 03:07:08 UTC (2025-07-18 20:07:08 PT) - API key found
[INFO] 2025-07-19 03:07:08 UTC (2025-07-18 20:07:08 PT) - Current PT time: 2025-07-18 20:07:08
[INFO] 2025-07-19 03:07:08 UTC (2025-07-18 20:07:08 PT) - Requesting ALL historical trapping data through 07/19/2025 for all of our FINS facilities
[INFO] 2025-07-19 03:07:56 UTC (2025-07-18 20:07:56 PT) - Downloaded 31570 rows of data
[INFO] 2025-07-19 03:07:56 UTC (2025-07-18 20:07:56 PT) - Columns: Finalize, Verify, Follow-Up, Trapped Date, Is Import, Facility, Trap, Trap Is Offsite, Trapping Session Name, Target Species, Target Run, Trapping Session Comments, Fish ID, Count, Species, Run, Sex, Origin, Origin Expression, Origin Description, Origin Start Date, Origin End Date, Origin Creator, Origin Creation Date, Living Status, Length, Age Designation, Age Calculated, Age Criteria Start Length, Age Criteria End Length, Age Criteria Start Date, Age Criteria End Date, Moved To Facility, Moved To, Moved To Location Type, Moved To Is Offsite, Offsite Owner Facility, Offsite Location Latitude, Offsite Location Longitude, Offsite Location Description, Disposition, Release Site, Release Site Latitude, Release Site Longitude, Purpose, Existing Marks, Existing Marks Quantity, Applied Marks, Applied Marks Quantity, Existing Tags, Applied Tags, Existing CWT, Existing CWT Value, Applied CWT, Applied CWT Value, Existing PIT, Applied PIT, Samples, Conditions, Recap, Injected, Weight, Notes, Group Notes, Import Custom
[INFO] 2025-07-19 03:07:56 UTC (2025-07-18 20:07:56 PT) - Successfully saved file: data/TrappingData.csv - Size: 18173834 bytes
[INFO] 2025-07-19 03:07:56 UTC (2025-07-18 20:07:56 PT) - Data summary:
[INFO] 2025-07-19 03:07:56 UTC (2025-07-18 20:07:56 PT) -   Date range: 03/13/2000 to 07/17/2025
[INFO] 2025-07-19 03:07:56 UTC (2025-07-18 20:07:56 PT) -   Total records: 31570
[INFO] 2025-07-19 03:07:56 UTC (2025-07-18 20:07:56 PT) - Download completed successfully
