[INFO] 2025-07-11 03:45:44 UTC (2025-07-10 20:45:44 PT) - Starting nightly FINS spawning data download
[INFO] 2025-07-11 03:45:45 UTC (2025-07-10 20:45:45 PT) - API key found
[INFO] 2025-07-11 03:45:45 UTC (2025-07-10 20:45:45 PT) - Current PT time: 2025-07-10 20:45:45
[INFO] 2025-07-11 03:45:45 UTC (2025-07-10 20:45:45 PT) - Requesting ALL historical spawning data through 07/11/2025 for all of our FINS facilities
[INFO] 2025-07-11 03:45:55 UTC (2025-07-10 20:45:55 PT) - Downloaded 1397 rows of data
[INFO] 2025-07-11 03:45:55 UTC (2025-07-10 20:45:55 PT) - Columns: Verify, Finalize, Follow-Up, Session Date, Moved From Facility, Spawning Location, Spawning Location Is Offsite, Spawning Offsite Owner Facility, Spawning Offsite Location Latitude, Spawning Offsite Location Longitude, Spawning Offsite Location Description, Spawning Session Name, Is Import, Is Group Session, Import Custom, Spawning Session Lot #, Cross ID, Spawn ID, Sex, Origin, Origin Expression, Origin Description, Origin Start Date, Origin End Date, Origin Creator, Origin Creation Date, Spawning Ratio, Stock, Stock Agency, Stock Facility, Stock Description, Session Progeny, Brood Year, Spawning Session Comments, Species, Run, Egg Weight(g), Estimated Egg Count, Edit Spawn Cross Notes, Immediate Container, Times Used, Length, Age Calculated, Age Criteria Start Length, Age Criteria End Length, Age Criteria End Date, Age Criteria Start Date, Age Designation, Spawn Status, Living State, Why Not Spawned, Moved From, Moved From Is Offsite, Offsite Moved From Owner Facility, Offsite Moved From Latitude, Offsite Moved From Longitude, Offsite Moved From Location Description, Source Trap Facility, Source Trap, Moved To, Moved To Is Offsite, Offsite Moved To Owner Facility, Offsite Moved To Latitude, Offsite Moved To Longitude, Offsite Moved To Location Description, Moved To Facility, Release Site, Release Site Latitude, Release Site Longitude, Disposition, Purpose, Existing Marks, Existing Marks Quantity, Applied Marks, Applied Marks Quantity, Existing Tags, Applied Tags, Existing CWT, Existing CWT Value, Applied CWT, Applied CWT Value, Existing PIT, Applied PIT, GEN Sample, Samples, Conditions, Notes
[INFO] 2025-07-11 03:45:55 UTC (2025-07-10 20:45:55 PT) - Successfully saved file: data/SpawningData.csv - Size: 1010400 bytes
[INFO] 2025-07-11 03:45:55 UTC (2025-07-10 20:45:55 PT) - Data summary:
[INFO] 2025-07-11 03:45:55 UTC (2025-07-10 20:45:55 PT) -   Date range: 08/12/2020 to 08/23/2022
[INFO] 2025-07-11 03:45:55 UTC (2025-07-10 20:45:55 PT) -   Total records: 1397
[INFO] 2025-07-11 03:45:55 UTC (2025-07-10 20:45:55 PT) - Download completed successfully
[INFO] 2025-07-12 03:41:18 UTC (2025-07-11 20:41:18 PT) - Starting nightly FINS spawning data download
[INFO] 2025-07-12 03:41:18 UTC (2025-07-11 20:41:18 PT) - API key found
[INFO] 2025-07-12 03:41:18 UTC (2025-07-11 20:41:18 PT) - Current PT time: 2025-07-11 20:41:18
[INFO] 2025-07-12 03:41:18 UTC (2025-07-11 20:41:18 PT) - Requesting ALL historical spawning data through 07/12/2025 for all of our FINS facilities
[INFO] 2025-07-12 03:41:28 UTC (2025-07-11 20:41:28 PT) - Downloaded 1397 rows of data
[INFO] 2025-07-12 03:41:28 UTC (2025-07-11 20:41:28 PT) - Columns: Verify, Finalize, Follow-Up, Session Date, Moved From Facility, Spawning Location, Spawning Location Is Offsite, Spawning Offsite Owner Facility, Spawning Offsite Location Latitude, Spawning Offsite Location Longitude, Spawning Offsite Location Description, Spawning Session Name, Is Import, Is Group Session, Import Custom, Spawning Session Lot #, Cross ID, Spawn ID, Sex, Origin, Origin Expression, Origin Description, Origin Start Date, Origin End Date, Origin Creator, Origin Creation Date, Spawning Ratio, Stock, Stock Agency, Stock Facility, Stock Description, Session Progeny, Brood Year, Spawning Session Comments, Species, Run, Egg Weight(g), Estimated Egg Count, Edit Spawn Cross Notes, Immediate Container, Times Used, Length, Age Calculated, Age Criteria Start Length, Age Criteria End Length, Age Criteria End Date, Age Criteria Start Date, Age Designation, Spawn Status, Living State, Why Not Spawned, Moved From, Moved From Is Offsite, Offsite Moved From Owner Facility, Offsite Moved From Latitude, Offsite Moved From Longitude, Offsite Moved From Location Description, Source Trap Facility, Source Trap, Moved To, Moved To Is Offsite, Offsite Moved To Owner Facility, Offsite Moved To Latitude, Offsite Moved To Longitude, Offsite Moved To Location Description, Moved To Facility, Release Site, Release Site Latitude, Release Site Longitude, Disposition, Purpose, Existing Marks, Existing Marks Quantity, Applied Marks, Applied Marks Quantity, Existing Tags, Applied Tags, Existing CWT, Existing CWT Value, Applied CWT, Applied CWT Value, Existing PIT, Applied PIT, GEN Sample, Samples, Conditions, Notes
[INFO] 2025-07-12 03:41:28 UTC (2025-07-11 20:41:28 PT) - Successfully saved file: data/SpawningData.csv - Size: 1010400 bytes
[INFO] 2025-07-12 03:41:28 UTC (2025-07-11 20:41:28 PT) - Data summary:
[INFO] 2025-07-12 03:41:28 UTC (2025-07-11 20:41:28 PT) -   Date range: 08/12/2020 to 08/23/2022
[INFO] 2025-07-12 03:41:28 UTC (2025-07-11 20:41:28 PT) -   Total records: 1397
[INFO] 2025-07-12 03:41:28 UTC (2025-07-11 20:41:28 PT) - Download completed successfully
[INFO] 2025-07-13 03:48:26 UTC (2025-07-12 20:48:26 PT) - Starting nightly FINS spawning data download
[INFO] 2025-07-13 03:48:26 UTC (2025-07-12 20:48:26 PT) - API key found
[INFO] 2025-07-13 03:48:26 UTC (2025-07-12 20:48:26 PT) - Current PT time: 2025-07-12 20:48:26
[INFO] 2025-07-13 03:48:26 UTC (2025-07-12 20:48:26 PT) - Requesting ALL historical spawning data through 07/13/2025 for all of our FINS facilities
[INFO] 2025-07-13 03:48:37 UTC (2025-07-12 20:48:37 PT) - Downloaded 1397 rows of data
[INFO] 2025-07-13 03:48:37 UTC (2025-07-12 20:48:37 PT) - Columns: Verify, Finalize, Follow-Up, Session Date, Moved From Facility, Spawning Location, Spawning Location Is Offsite, Spawning Offsite Owner Facility, Spawning Offsite Location Latitude, Spawning Offsite Location Longitude, Spawning Offsite Location Description, Spawning Session Name, Is Import, Is Group Session, Import Custom, Spawning Session Lot #, Cross ID, Spawn ID, Sex, Origin, Origin Expression, Origin Description, Origin Start Date, Origin End Date, Origin Creator, Origin Creation Date, Spawning Ratio, Stock, Stock Agency, Stock Facility, Stock Description, Session Progeny, Brood Year, Spawning Session Comments, Species, Run, Egg Weight(g), Estimated Egg Count, Edit Spawn Cross Notes, Immediate Container, Times Used, Length, Age Calculated, Age Criteria Start Length, Age Criteria End Length, Age Criteria End Date, Age Criteria Start Date, Age Designation, Spawn Status, Living State, Why Not Spawned, Moved From, Moved From Is Offsite, Offsite Moved From Owner Facility, Offsite Moved From Latitude, Offsite Moved From Longitude, Offsite Moved From Location Description, Source Trap Facility, Source Trap, Moved To, Moved To Is Offsite, Offsite Moved To Owner Facility, Offsite Moved To Latitude, Offsite Moved To Longitude, Offsite Moved To Location Description, Moved To Facility, Release Site, Release Site Latitude, Release Site Longitude, Disposition, Purpose, Existing Marks, Existing Marks Quantity, Applied Marks, Applied Marks Quantity, Existing Tags, Applied Tags, Existing CWT, Existing CWT Value, Applied CWT, Applied CWT Value, Existing PIT, Applied PIT, GEN Sample, Samples, Conditions, Notes
[INFO] 2025-07-13 03:48:37 UTC (2025-07-12 20:48:37 PT) - Successfully saved file: data/SpawningData.csv - Size: 1010400 bytes
[INFO] 2025-07-13 03:48:37 UTC (2025-07-12 20:48:37 PT) - Data summary:
[INFO] 2025-07-13 03:48:37 UTC (2025-07-12 20:48:37 PT) -   Date range: 08/12/2020 to 08/23/2022
[INFO] 2025-07-13 03:48:37 UTC (2025-07-12 20:48:37 PT) -   Total records: 1397
[INFO] 2025-07-13 03:48:37 UTC (2025-07-12 20:48:37 PT) - Download completed successfully
[INFO] 2025-07-14 03:49:03 UTC (2025-07-13 20:49:03 PT) - Starting nightly FINS spawning data download
[INFO] 2025-07-14 03:49:03 UTC (2025-07-13 20:49:03 PT) - API key found
[INFO] 2025-07-14 03:49:03 UTC (2025-07-13 20:49:03 PT) - Current PT time: 2025-07-13 20:49:03
[INFO] 2025-07-14 03:49:03 UTC (2025-07-13 20:49:03 PT) - Requesting ALL historical spawning data through 07/14/2025 for all of our FINS facilities
[INFO] 2025-07-14 03:49:14 UTC (2025-07-13 20:49:14 PT) - Downloaded 1397 rows of data
[INFO] 2025-07-14 03:49:14 UTC (2025-07-13 20:49:14 PT) - Columns: Verify, Finalize, Follow-Up, Session Date, Moved From Facility, Spawning Location, Spawning Location Is Offsite, Spawning Offsite Owner Facility, Spawning Offsite Location Latitude, Spawning Offsite Location Longitude, Spawning Offsite Location Description, Spawning Session Name, Is Import, Is Group Session, Import Custom, Spawning Session Lot #, Cross ID, Spawn ID, Sex, Origin, Origin Expression, Origin Description, Origin Start Date, Origin End Date, Origin Creator, Origin Creation Date, Spawning Ratio, Stock, Stock Agency, Stock Facility, Stock Description, Session Progeny, Brood Year, Spawning Session Comments, Species, Run, Egg Weight(g), Estimated Egg Count, Edit Spawn Cross Notes, Immediate Container, Times Used, Length, Age Calculated, Age Criteria Start Length, Age Criteria End Length, Age Criteria End Date, Age Criteria Start Date, Age Designation, Spawn Status, Living State, Why Not Spawned, Moved From, Moved From Is Offsite, Offsite Moved From Owner Facility, Offsite Moved From Latitude, Offsite Moved From Longitude, Offsite Moved From Location Description, Source Trap Facility, Source Trap, Moved To, Moved To Is Offsite, Offsite Moved To Owner Facility, Offsite Moved To Latitude, Offsite Moved To Longitude, Offsite Moved To Location Description, Moved To Facility, Release Site, Release Site Latitude, Release Site Longitude, Disposition, Purpose, Existing Marks, Existing Marks Quantity, Applied Marks, Applied Marks Quantity, Existing Tags, Applied Tags, Existing CWT, Existing CWT Value, Applied CWT, Applied CWT Value, Existing PIT, Applied PIT, GEN Sample, Samples, Conditions, Notes
[INFO] 2025-07-14 03:49:14 UTC (2025-07-13 20:49:14 PT) - Successfully saved file: data/SpawningData.csv - Size: 1010400 bytes
[INFO] 2025-07-14 03:49:14 UTC (2025-07-13 20:49:14 PT) - Data summary:
[INFO] 2025-07-14 03:49:14 UTC (2025-07-13 20:49:14 PT) -   Date range: 08/12/2020 to 08/23/2022
[INFO] 2025-07-14 03:49:14 UTC (2025-07-13 20:49:14 PT) -   Total records: 1397
[INFO] 2025-07-14 03:49:14 UTC (2025-07-13 20:49:14 PT) - Download completed successfully
[INFO] 2025-07-15 03:45:57 UTC (2025-07-14 20:45:57 PT) - Starting nightly FINS spawning data download
[INFO] 2025-07-15 03:45:57 UTC (2025-07-14 20:45:57 PT) - API key found
[INFO] 2025-07-15 03:45:57 UTC (2025-07-14 20:45:57 PT) - Current PT time: 2025-07-14 20:45:57
[INFO] 2025-07-15 03:45:57 UTC (2025-07-14 20:45:57 PT) - Requesting ALL historical spawning data through 07/15/2025 for all of our FINS facilities
[INFO] 2025-07-15 03:46:08 UTC (2025-07-14 20:46:08 PT) - Downloaded 1397 rows of data
[INFO] 2025-07-15 03:46:08 UTC (2025-07-14 20:46:08 PT) - Columns: Verify, Finalize, Follow-Up, Session Date, Moved From Facility, Spawning Location, Spawning Location Is Offsite, Spawning Offsite Owner Facility, Spawning Offsite Location Latitude, Spawning Offsite Location Longitude, Spawning Offsite Location Description, Spawning Session Name, Is Import, Is Group Session, Import Custom, Spawning Session Lot #, Cross ID, Spawn ID, Sex, Origin, Origin Expression, Origin Description, Origin Start Date, Origin End Date, Origin Creator, Origin Creation Date, Spawning Ratio, Stock, Stock Agency, Stock Facility, Stock Description, Session Progeny, Brood Year, Spawning Session Comments, Species, Run, Egg Weight(g), Estimated Egg Count, Edit Spawn Cross Notes, Immediate Container, Times Used, Length, Age Calculated, Age Criteria Start Length, Age Criteria End Length, Age Criteria End Date, Age Criteria Start Date, Age Designation, Spawn Status, Living State, Why Not Spawned, Moved From, Moved From Is Offsite, Offsite Moved From Owner Facility, Offsite Moved From Latitude, Offsite Moved From Longitude, Offsite Moved From Location Description, Source Trap Facility, Source Trap, Moved To, Moved To Is Offsite, Offsite Moved To Owner Facility, Offsite Moved To Latitude, Offsite Moved To Longitude, Offsite Moved To Location Description, Moved To Facility, Release Site, Release Site Latitude, Release Site Longitude, Disposition, Purpose, Existing Marks, Existing Marks Quantity, Applied Marks, Applied Marks Quantity, Existing Tags, Applied Tags, Existing CWT, Existing CWT Value, Applied CWT, Applied CWT Value, Existing PIT, Applied PIT, GEN Sample, Samples, Conditions, Notes
[INFO] 2025-07-15 03:46:08 UTC (2025-07-14 20:46:08 PT) - Successfully saved file: data/SpawningData.csv - Size: 1010400 bytes
[INFO] 2025-07-15 03:46:08 UTC (2025-07-14 20:46:08 PT) - Data summary:
[INFO] 2025-07-15 03:46:08 UTC (2025-07-14 20:46:08 PT) -   Date range: 08/12/2020 to 08/23/2022
[INFO] 2025-07-15 03:46:08 UTC (2025-07-14 20:46:08 PT) -   Total records: 1397
[INFO] 2025-07-15 03:46:08 UTC (2025-07-14 20:46:08 PT) - Download completed successfully
